# JRE version: OpenJDK Runtime Environment Temurin-17.0.10+7 (17.0.10+7) (build 17.0.10+7)
# Java VM: OpenJDK 64-Bit Server VM Temurin-17.0.10+7 (17.0.10+7, mixed mode, emulated-client, tiered, compressed oops, compressed class ptrs, g1 gc, windows-amd64)
GC Precious Log:
 CPUs: 4 total, 4 available
 Memory: 7991M
 Large Page Support: Disabled
 NUMA Support: Disabled
 Compressed Oops: Enabled (32-bit)
 Heap Region Size: 1M
 Heap Min Capacity: 8M
 Heap Initial Capacity: 126M
 Heap Max Capacity: 1G
 Pre-touch: Disabled
 Parallel Workers: 4
 Concurrent Workers: 1
 Concurrent Refinement Workers: 4
 Periodic GC: Disabled
Heap:
 garbage-first heap   total 116736K, used 34303K [0x00000000c0000000, 0x0000000100000000)
  region size 1024K, 1 young (1024K), 0 survivors (0K)
 Metaspace       used 58289K, committed 59072K, reserved 1114112K
  class space    used 7251K, committed 7552K, reserved 1048576K
GC Heap History (20 events):
Event: 665.728 GC heap before
{Heap before GC invocations=83 (full 25):
 garbage-first heap   total 116736K, used 34303K [0x00000000c0000000, 0x0000000100000000)
  region size 1024K, 1 young (1024K), 0 survivors (0K)
 Metaspace       used 58289K, committed 59072K, reserved 1114112K
  class space    used 7251K, committed 7552K, reserved 1048576K
}
Event: 665.761 GC heap after
{Heap after GC invocations=84 (full 26):
 garbage-first heap   total 116736K, used 34303K [0x00000000c0000000, 0x0000000100000000)
  region size 1024K, 0 young (0K), 0 survivors (0K)
 Metaspace       used 58289K, committed 59072K, reserved 1114112K
  class space    used 7251K, committed 7552K, reserved 1048576K
}
Event: 676.803 GC heap before
{Heap before GC invocations=84 (full 26):
 garbage-first heap   total 116736K, used 34303K [0x00000000c0000000, 0x0000000100000000)
  region size 1024K, 1 young (1024K), 0 survivors (0K)
 Metaspace       used 58289K, committed 59072K, reserved 1114112K
  class space    used 7251K, committed 7552K, reserved 1048576K
}
Event: 676.833 GC heap after
{Heap after GC invocations=85 (full 27):
 garbage-first heap   total 116736K, used 34303K [0x00000000c0000000, 0x0000000100000000)
  region size 1024K, 0 young (0K), 0 survivors (0K)
 Metaspace       used 58289K, committed 59072K, reserved 1114112K
  class space    used 7251K, committed 7552K, reserved 1048576K
}
Event: 687.660 GC heap before
{Heap before GC invocations=85 (full 27):
 garbage-first heap   total 116736K, used 34303K [0x00000000c0000000, 0x0000000100000000)
  region size 1024K, 1 young (1024K), 0 survivors (0K)
 Metaspace       used 58289K, committed 59072K, reserved 1114112K
  class space    used 7251K, committed 7552K, reserved 1048576K
}
Event: 687.691 GC heap after
{Heap after GC invocations=86 (full 28):
 garbage-first heap   total 116736K, used 34303K [0x00000000c0000000, 0x0000000100000000)
  region size 1024K, 0 young (0K), 0 survivors (0K)
 Metaspace       used 58289K, committed 59072K, reserved 1114112K
  class space    used 7251K, committed 7552K, reserved 1048576K
}
Event: 699.564 GC heap before
{Heap before GC invocations=86 (full 28):
 garbage-first heap   total 116736K, used 34303K [0x00000000c0000000, 0x0000000100000000)
  region size 1024K, 1 young (1024K), 0 survivors (0K)
 Metaspace       used 58289K, committed 59072K, reserved 1114112K
  class space    used 7251K, committed 7552K, reserved 1048576K
}
Event: 699.597 GC heap after
{Heap after GC invocations=87 (full 29):
 garbage-first heap   total 116736K, used 34303K [0x00000000c0000000, 0x0000000100000000)
  region size 1024K, 0 young (0K), 0 survivors (0K)
 Metaspace       used 58289K, committed 59072K, reserved 1114112K
  class space    used 7251K, committed 7552K, reserved 1048576K
}
Event: 710.298 GC heap before
{Heap before GC invocations=87 (full 29):
 garbage-first heap   total 116736K, used 34303K [0x00000000c0000000, 0x0000000100000000)
  region size 1024K, 1 young (1024K), 0 survivors (0K)
 Metaspace       used 58289K, committed 59072K, reserved 1114112K
  class space    used 7251K, committed 7552K, reserved 1048576K
}
Event: 710.331 GC heap after
{Heap after GC invocations=88 (full 30):
 garbage-first heap   total 116736K, used 34303K [0x00000000c0000000, 0x0000000100000000)
  region size 1024K, 0 young (0K), 0 survivors (0K)
 Metaspace       used 58289K, committed 59072K, reserved 1114112K
  class space    used 7251K, committed 7552K, reserved 1048576K
}
Event: 727.403 GC heap before
{Heap before GC invocations=88 (full 30):
 garbage-first heap   total 116736K, used 34303K [0x00000000c0000000, 0x0000000100000000)
  region size 1024K, 1 young (1024K), 0 survivors (0K)
 Metaspace       used 58289K, committed 59072K, reserved 1114112K
  class space    used 7251K, committed 7552K, reserved 1048576K
}
Event: 727.466 GC heap after
{Heap after GC invocations=89 (full 31):
 garbage-first heap   total 116736K, used 34303K [0x00000000c0000000, 0x0000000100000000)
  region size 1024K, 0 young (0K), 0 survivors (0K)
 Metaspace       used 58289K, committed 59072K, reserved 1114112K
  class space    used 7251K, committed 7552K, reserved 1048576K
}
Event: 742.910 GC heap before
{Heap before GC invocations=89 (full 31):
 garbage-first heap   total 116736K, used 34303K [0x00000000c0000000, 0x0000000100000000)
  region size 1024K, 1 young (1024K), 0 survivors (0K)
 Metaspace       used 58289K, committed 59072K, reserved 1114112K
  class space    used 7251K, committed 7552K, reserved 1048576K
}
Event: 742.967 GC heap after
{Heap after GC invocations=90 (full 32):
 garbage-first heap   total 116736K, used 34303K [0x00000000c0000000, 0x0000000100000000)
  region size 1024K, 0 young (0K), 0 survivors (0K)
 Metaspace       used 58289K, committed 59072K, reserved 1114112K
  class space    used 7251K, committed 7552K, reserved 1048576K
}
Event: 755.004 GC heap before
{Heap before GC invocations=90 (full 32):
 garbage-first heap   total 116736K, used 34303K [0x00000000c0000000, 0x0000000100000000)
  region size 1024K, 1 young (1024K), 0 survivors (0K)
 Metaspace       used 58289K, committed 59072K, reserved 1114112K
  class space    used 7251K, committed 7552K, reserved 1048576K
}
Event: 755.062 GC heap after
{Heap after GC invocations=91 (full 33):
 garbage-first heap   total 116736K, used 34303K [0x00000000c0000000, 0x0000000100000000)
  region size 1024K, 0 young (0K), 0 survivors (0K)
 Metaspace       used 58289K, committed 59072K, reserved 1114112K
  class space    used 7251K, committed 7552K, reserved 1048576K
}
Event: 765.981 GC heap before
{Heap before GC invocations=91 (full 33):
 garbage-first heap   total 116736K, used 34303K [0x00000000c0000000, 0x0000000100000000)
  region size 1024K, 1 young (1024K), 0 survivors (0K)
 Metaspace       used 58289K, committed 59072K, reserved 1114112K
  class space    used 7251K, committed 7552K, reserved 1048576K
}
Event: 766.040 GC heap after
{Heap after GC invocations=92 (full 34):
 garbage-first heap   total 116736K, used 34303K [0x00000000c0000000, 0x0000000100000000)
  region size 1024K, 0 young (0K), 0 survivors (0K)
 Metaspace       used 58289K, committed 59072K, reserved 1114112K
  class space    used 7251K, committed 7552K, reserved 1048576K
}
Event: 776.481 GC heap before
{Heap before GC invocations=92 (full 34):
 garbage-first heap   total 116736K, used 34303K [0x00000000c0000000, 0x0000000100000000)
  region size 1024K, 1 young (1024K), 0 survivors (0K)
 Metaspace       used 58289K, committed 59072K, reserved 1114112K
  class space    used 7251K, committed 7552K, reserved 1048576K
}
Event: 776.532 GC heap after
{Heap after GC invocations=93 (full 35):
 garbage-first heap   total 116736K, used 34303K [0x00000000c0000000, 0x0000000100000000)
  region size 1024K, 0 young (0K), 0 survivors (0K)
 Metaspace       used 58289K, committed 59072K, reserved 1114112K
  class space    used 7251K, committed 7552K, reserved 1048576K
}

